0 info it worked if it ends with ok
1 verbose cli [ '/usr/local/bin/node',
1 verbose cli   '/usr/local/bin/npm',
1 verbose cli   'install',
1 verbose cli   'cherio' ]
2 info using npm@1.4.28
3 info using node@v0.10.33
4 warn package.json expressed@0.0.0 No repository field.
5 warn package.json expressed@0.0.0 No README data
6 warn package.json ryba@0.0.5 No repository field.
7 verbose readDependencies using package.json deps
8 verbose cache add [ 'cherio', null ]
9 verbose cache add name=undefined spec="cherio" args=["cherio",null]
10 verbose parsed url { protocol: null,
10 verbose parsed url   slashes: null,
10 verbose parsed url   auth: null,
10 verbose parsed url   host: null,
10 verbose parsed url   port: null,
10 verbose parsed url   hostname: null,
10 verbose parsed url   hash: null,
10 verbose parsed url   search: null,
10 verbose parsed url   query: null,
10 verbose parsed url   pathname: 'cherio',
10 verbose parsed url   path: 'cherio',
10 verbose parsed url   href: 'cherio' }
11 silly lockFile 8268ac7a-cherio cherio
12 verbose lock cherio /Users/wdavidw/.npm/8268ac7a-cherio.lock
13 silly lockFile 8268ac7a-cherio cherio
14 silly lockFile 8268ac7a-cherio cherio
15 verbose addNamed [ 'cherio', '' ]
16 verbose addNamed [ null, '*' ]
17 silly lockFile 11d865d2-cherio cherio@
18 verbose lock cherio@ /Users/wdavidw/.npm/11d865d2-cherio.lock
19 silly addNameRange { name: 'cherio', range: '*', hasData: false }
20 verbose request where is /cherio
21 verbose request registry https://registry.npmjs.org/
22 verbose request id 91468492c157da4f
23 verbose url raw /cherio
24 verbose url resolving [ 'https://registry.npmjs.org/', './cherio' ]
25 verbose url resolved https://registry.npmjs.org/cherio
26 verbose request where is https://registry.npmjs.org/cherio
27 info trying registry request attempt 1 at 23:47:12
28 http GET https://registry.npmjs.org/cherio
29 http 404 https://registry.npmjs.org/cherio
30 verbose headers { date: 'Tue, 03 Mar 2015 22:47:13 GMT',
30 verbose headers   server: 'CouchDB/1.5.0 (Erlang OTP/R16B03)',
30 verbose headers   'content-type': 'application/json',
30 verbose headers   'cache-control': 'max-age=0',
30 verbose headers   'content-length': '52',
30 verbose headers   'accept-ranges': 'bytes',
30 verbose headers   via: '1.1 varnish',
30 verbose headers   age: '0',
30 verbose headers   'x-served-by': 'cache-lhr6327-LHR',
30 verbose headers   'x-cache': 'MISS',
30 verbose headers   'x-cache-hits': '0',
30 verbose headers   'x-timer': 'S1425422832.669340,VS0,VE647',
30 verbose headers   'keep-alive': 'timeout=10, max=50',
30 verbose headers   connection: 'Keep-Alive' }
31 silly registry.get cb [ 404,
31 silly registry.get   { date: 'Tue, 03 Mar 2015 22:47:13 GMT',
31 silly registry.get     server: 'CouchDB/1.5.0 (Erlang OTP/R16B03)',
31 silly registry.get     'content-type': 'application/json',
31 silly registry.get     'cache-control': 'max-age=0',
31 silly registry.get     'content-length': '52',
31 silly registry.get     'accept-ranges': 'bytes',
31 silly registry.get     via: '1.1 varnish',
31 silly registry.get     age: '0',
31 silly registry.get     'x-served-by': 'cache-lhr6327-LHR',
31 silly registry.get     'x-cache': 'MISS',
31 silly registry.get     'x-cache-hits': '0',
31 silly registry.get     'x-timer': 'S1425422832.669340,VS0,VE647',
31 silly registry.get     'keep-alive': 'timeout=10, max=50',
31 silly registry.get     connection: 'Keep-Alive' } ]
32 silly lockFile 11d865d2-cherio cherio@
33 silly lockFile 11d865d2-cherio cherio@
34 error 404 404 Not Found: cherio
34 error 404
34 error 404 'cherio' is not in the npm registry.
34 error 404 You should bug the author to publish it
34 error 404 It was specified as a dependency of 'twitter-bootstrap.docpad'
34 error 404
34 error 404 Note that you can also install from a
34 error 404 tarball, folder, or http url, or git url.
35 error System Darwin 14.1.0
36 error command "/usr/local/bin/node" "/usr/local/bin/npm" "install" "cherio"
37 error cwd /Users/wdavidw/www/projects/ryba/ryba-docs-proto
38 error node -v v0.10.33
39 error npm -v 1.4.28
40 error code E404
41 verbose exit [ 1, true ]
